Android/app/build/outputs/apk/manifest-merger-debug-report.txt
-- Merging decision tree log ---
manifest
ADDED from AndroidManifest.xml:2:1
	package
		ADDED from AndroidManifest.xml:3:5
		INJECTED from AndroidManifest.xml:0:0
		INJECTED from AndroidManifest.xml:0:0
	android:versionName
		INJECTED from AndroidManifest.xml:0:0
		INJECTED from AndroidManifest.xml:0:0
	xmlns:android
		ADDED from AndroidManifest.xml:2:11
	android:versionCode
		INJECTED from AndroidManifest.xml:0:0
		INJECTED from AndroidManifest.xml:0:0
uses-permission#android.permission.INTERNET
ADDED from AndroidManifest.xml:5:5
	android:name
		ADDED from AndroidManifest.xml:5:22
application
ADDED from AndroidManifest.xml:7:5
MERGED from com.android.support:appcompat-v7:21.0.3:16:5
MERGED from com.android.support:support-v4:21.0.3:16:5
MERGED from com.o3dr:3dr-services-lib:2.2.6:11:5
	android:label
		ADDED from AndroidManifest.xml:10:9
	android:allowBackup
		ADDED from AndroidManifest.xml:8:9
	android:icon
		ADDED from AndroidManifest.xml:9:9
activity#com.hunterit.APMRabbit.APMRabbit
ADDED from AndroidManifest.xml:11:9
	android:label
		ADDED from AndroidManifest.xml:13:13
	android:name
		ADDED from AndroidManifest.xml:12:13
intent-filter#android.intent.action.MAIN+android.intent.category.LAUNCHER
ADDED from AndroidManifest.xml:14:13
action#android.intent.action.MAIN
ADDED from AndroidManifest.xml:15:17
	android:name
		ADDED from AndroidManifest.xml:15:25
category#android.intent.category.LAUNCHER
ADDED from AndroidManifest.xml:17:17
	android:name
		ADDED from AndroidManifest.xml:17:27
activity#com.hunterit.APMRabbit.Settings
ADDED from AndroidManifest.xml:20:9
	android:label
		ADDED from AndroidManifest.xml:22:13
	android:name
		ADDED from AndroidManifest.xml:21:13
activity#com.hunterit.APMRabbit.History
ADDED from AndroidManifest.xml:24:9
	android:label
		ADDED from AndroidManifest.xml:26:13
	android:name
		ADDED from AndroidManifest.xml:25:13
uses-sdk
INJECTED from AndroidManifest.xml:0:0 reason: use-sdk injection requested
MERGED from com.android.support:appcompat-v7:21.0.3:15:5
MERGED from com.android.support:support-v4:21.0.3:15:5
MERGED from com.o3dr:3dr-services-lib:2.2.6:7:5
	android:targetSdkVersion
		INJECTED from AndroidManifest.xml:0:0
		INJECTED from AndroidManifest.xml:0:0
	android:minSdkVersion
		INJECTED from AndroidManifest.xml:0:0
		INJECTED from AndroidManifest.xml:0:0
activity#com.o3dr.android.client.utils.InstallServiceDialog
ADDED from com.o3dr:3dr-services-lib:2.2.6:12:9
	android:excludeFromRecents
		ADDED from com.o3dr:3dr-services-lib:2.2.6:14:13
	android:launchMode
		ADDED from com.o3dr:3dr-services-lib:2.2.6:15:13
	android:noHistory
		ADDED from com.o3dr:3dr-services-lib:2.2.6:16:13
	android:theme
		ADDED from com.o3dr:3dr-services-lib:2.2.6:17:13
	android:name
		ADDED from com.o3dr:3dr-services-lib:2.2.6:13:13
activity#com.o3dr.android.client.utils.UpdateServiceDialog
ADDED from com.o3dr:3dr-services-lib:2.2.6:18:9
	android:excludeFromRecents
		ADDED from com.o3dr:3dr-services-lib:2.2.6:20:13
	android:launchMode
		ADDED from com.o3dr:3dr-services-lib:2.2.6:21:13
	android:noHistory
		ADDED from com.o3dr:3dr-services-lib:2.2.6:22:13
	android:theme
		ADDED from com.o3dr:3dr-services-lib:2.2.6:23:13
	android:name
		ADDED from com.o3dr:3dr-services-lib:2.2.6:19:13